0 info it worked if it ends with ok
1 verbose cli [ 'node', '/usr/local/bin/npm', 'install', 'angular-animate' ]
2 info using npm@2.5.1
3 info using node@v0.12.0
4 silly cache add args [ 'angular-animate', null ]
5 verbose cache add spec angular-animate
6 silly cache add parsed spec { raw: 'angular-animate',
6 silly cache add   scope: null,
6 silly cache add   name: 'angular-animate',
6 silly cache add   rawSpec: '',
6 silly cache add   spec: '*',
6 silly cache add   type: 'range' }
7 verbose addNamed angular-animate@*
8 silly addNamed semver.valid null
9 silly addNamed semver.validRange *
10 silly addNameRange { name: 'angular-animate', range: '*', hasData: false }
11 silly mapToRegistry name angular-animate
12 silly mapToRegistry using default registry
13 silly mapToRegistry registry https://registry.npmjs.org/
14 silly mapToRegistry uri https://registry.npmjs.org/angular-animate
15 verbose addNameRange registry:https://registry.npmjs.org/angular-animate not in flight; fetching
16 verbose request uri https://registry.npmjs.org/angular-animate
17 verbose request no auth needed
18 info attempt registry request try #1 at 18:49:40
19 verbose request id d23b9d89edecb685
20 http request GET https://registry.npmjs.org/angular-animate
21 http 200 https://registry.npmjs.org/angular-animate
22 silly get cb [ 200,
22 silly get   { server: 'CouchDB/1.5.0 (Erlang OTP/R16B03)',
22 silly get     etag: '"39LIQG7TE0I8DX275SOHMI2AC"',
22 silly get     'content-type': 'application/json',
22 silly get     'cache-control': 'max-age=60',
22 silly get     'content-length': '65063',
22 silly get     'accept-ranges': 'bytes',
22 silly get     date: 'Sun, 25 Oct 2015 17:49:41 GMT',
22 silly get     via: '1.1 varnish',
22 silly get     age: '0',
22 silly get     connection: 'keep-alive',
22 silly get     'x-served-by': 'cache-lcy1130-LCY',
22 silly get     'x-cache': 'MISS',
22 silly get     'x-cache-hits': '0',
22 silly get     'x-timer': 'S1445795381.750829,VS0,VE166',
22 silly get     vary: 'Accept' } ]
23 verbose get saving angular-animate to /Users/Ben/.npm/registry.npmjs.org/angular-animate/.cache.json
24 silly addNameRange number 2 { name: 'angular-animate', range: '*', hasData: true }
25 silly addNameRange versions [ 'angular-animate',
25 silly addNameRange   [ '0.0.1',
25 silly addNameRange     '0.0.2',
25 silly addNameRange     '1.2.19-build.256',
25 silly addNameRange     '1.2.16',
25 silly addNameRange     '1.2.23',
25 silly addNameRange     '1.3.0-rc.5',
25 silly addNameRange     '1.3.0',
25 silly addNameRange     '1.3.1',
25 silly addNameRange     '1.3.2',
25 silly addNameRange     '1.3.3',
25 silly addNameRange     '1.3.4-build.3588',
25 silly addNameRange     '1.2.27',
25 silly addNameRange     '1.3.4',
25 silly addNameRange     '1.3.5',
25 silly addNameRange     '1.3.6',
25 silly addNameRange     '1.3.7',
25 silly addNameRange     '1.2.28',
25 silly addNameRange     '1.3.8',
25 silly addNameRange     '1.4.0-beta.0',
25 silly addNameRange     '1.3.9',
25 silly addNameRange     '1.3.10',
25 silly addNameRange     '1.4.0-beta.1',
25 silly addNameRange     '1.4.0-beta.2',
25 silly addNameRange     '1.3.11',
25 silly addNameRange     '1.4.0-beta.3',
25 silly addNameRange     '1.3.12',
25 silly addNameRange     '1.3.13',
25 silly addNameRange     '1.4.0-beta.4',
25 silly addNameRange     '1.3.14',
25 silly addNameRange     '1.4.0-beta.5',
25 silly addNameRange     '1.4.0-beta.6',
25 silly addNameRange     '1.3.15',
25 silly addNameRange     '1.4.0-rc.0',
25 silly addNameRange     '1.4.0-rc.1',
25 silly addNameRange     '1.4.0-rc.2',
25 silly addNameRange     '1.4.0',
25 silly addNameRange     '1.3.16',
25 silly addNameRange     '1.4.1',
25 silly addNameRange     '1.4.2',
25 silly addNameRange     '1.3.17',
25 silly addNameRange     '1.4.3',
25 silly addNameRange     '1.4.4',
25 silly addNameRange     '1.3.18',
25 silly addNameRange     '1.4.5',
25 silly addNameRange     '1.3.19',
25 silly addNameRange     '1.4.6',
25 silly addNameRange     '1.5.0-beta.0',
25 silly addNameRange     '1.2.29',
25 silly addNameRange     '1.3.20',
25 silly addNameRange     '1.4.7' ] ]
26 verbose addNamed angular-animate@1.4.7
27 silly addNamed semver.valid 1.4.7
28 silly addNamed semver.validRange 1.4.7
29 silly mapToRegistry name angular-animate
30 silly mapToRegistry using default registry
31 silly mapToRegistry registry https://registry.npmjs.org/
32 silly mapToRegistry uri https://registry.npmjs.org/angular-animate
33 verbose addRemoteTarball https://registry.npmjs.org/angular-animate/-/angular-animate-1.4.7.tgz not in flight; adding
34 verbose addRemoteTarball [ 'https://registry.npmjs.org/angular-animate/-/angular-animate-1.4.7.tgz',
34 verbose addRemoteTarball   '4399e6dd39ca4cb51ccd58a19e09c3eaae0eeb8a' ]
35 info retry fetch attempt 1 at 18:49:42
36 info attempt registry request try #1 at 18:49:42
37 http fetch GET https://registry.npmjs.org/angular-animate/-/angular-animate-1.4.7.tgz
38 http fetch 200 https://registry.npmjs.org/angular-animate/-/angular-animate-1.4.7.tgz
39 silly fetchAndShaCheck shasum 4399e6dd39ca4cb51ccd58a19e09c3eaae0eeb8a
40 verbose addTmpTarball /var/folders/6w/lp86tbds27v9wm7jx5k0kstr0000gn/T/npm-46357-47782f39/registry.npmjs.org/angular-animate/-/angular-animate-1.4.7.tgz not in flight; adding
41 verbose addTmpTarball already have metadata; skipping unpack for angular-animate@1.4.7
42 silly cache afterAdd angular-animate@1.4.7
43 verbose afterAdd /Users/Ben/.npm/angular-animate/1.4.7/package/package.json not in flight; writing
44 verbose afterAdd /Users/Ben/.npm/angular-animate/1.4.7/package/package.json written
45 silly install resolved [ { name: 'angular-animate',
45 silly install resolved     version: '1.4.7',
45 silly install resolved     description: 'AngularJS module for animations',
45 silly install resolved     main: 'index.js',
45 silly install resolved     scripts: { test: 'echo "Error: no test specified" && exit 1' },
45 silly install resolved     repository:
45 silly install resolved      { type: 'git',
45 silly install resolved        url: 'https://github.com/angular/angular.js.git' },
45 silly install resolved     keywords: [ 'angular', 'framework', 'browser', 'animation', 'client-side' ],
45 silly install resolved     author:
45 silly install resolved      { name: 'Angular Core Team',
45 silly install resolved        email: 'angular-core+npm@google.com' },
45 silly install resolved     license: 'MIT',
45 silly install resolved     bugs: { url: 'https://github.com/angular/angular.js/issues' },
45 silly install resolved     homepage: 'http://angularjs.org',
45 silly install resolved     gitHead: '3e63136fc3d882828594f3ceb929784eb43aa944',
45 silly install resolved     _id: 'angular-animate@1.4.7',
45 silly install resolved     _shasum: '4399e6dd39ca4cb51ccd58a19e09c3eaae0eeb8a',
45 silly install resolved     _from: 'angular-animate@*',
45 silly install resolved     _npmVersion: '2.0.2',
45 silly install resolved     _nodeVersion: '0.10.26',
45 silly install resolved     _npmUser: { name: 'angularcore', email: 'angular-core+npm@google.com' },
45 silly install resolved     maintainers: [ [Object], [Object], [Object], [Object], [Object] ],
45 silly install resolved     dist:
45 silly install resolved      { shasum: '4399e6dd39ca4cb51ccd58a19e09c3eaae0eeb8a',
45 silly install resolved        tarball: 'http://registry.npmjs.org/angular-animate/-/angular-animate-1.4.7.tgz' },
45 silly install resolved     directories: {},
45 silly install resolved     _resolved: 'https://registry.npmjs.org/angular-animate/-/angular-animate-1.4.7.tgz' } ]
46 info install angular-animate@1.4.7 into /Applications/MAMP/htdocs/portfolio_ben/js
47 info installOne angular-animate@1.4.7
48 verbose installOne of angular-animate to /Applications/MAMP/htdocs/portfolio_ben/js not in flight; installing
49 warn locking Error: EACCES, open '/Users/Ben/.npm/_locks/angular-animate-cea39b6863f6060d.lock'
49 warn locking     at Error (native)
49 warn locking  /Users/Ben/.npm/_locks/angular-animate-cea39b6863f6060d.lock failed { [Error: EACCES, open '/Users/Ben/.npm/_locks/angular-animate-cea39b6863f6060d.lock']
49 warn locking   errno: -13,
49 warn locking   code: 'EACCES',
49 warn locking   path: '/Users/Ben/.npm/_locks/angular-animate-cea39b6863f6060d.lock' }
50 verbose stack Error: Attempt to unlock /Applications/MAMP/htdocs/portfolio_ben/js/node_modules/angular-animate, which hasn't been locked
50 verbose stack     at unlock (/usr/local/lib/node_modules/npm/lib/utils/locker.js:66:11)
50 verbose stack     at cb (/usr/local/lib/node_modules/npm/lib/install.js:929:5)
50 verbose stack     at /usr/local/lib/node_modules/npm/lib/install.js:933:20
50 verbose stack     at /usr/local/lib/node_modules/npm/lib/utils/locker.js:40:9
50 verbose stack     at cb (/usr/local/lib/node_modules/npm/node_modules/lockfile/lockfile.js:149:38)
50 verbose stack     at /usr/local/lib/node_modules/npm/node_modules/lockfile/lockfile.js:177:38
50 verbose stack     at FSReqWrap.oncomplete (fs.js:99:15)
51 verbose cwd /Applications/MAMP/htdocs/portfolio_ben/js
52 error Darwin 15.0.0
53 error argv "node" "/usr/local/bin/npm" "install" "angular-animate"
54 error node v0.12.0
55 error npm  v2.5.1
56 error Attempt to unlock /Applications/MAMP/htdocs/portfolio_ben/js/node_modules/angular-animate, which hasn't been locked
57 error If you need help, you may report this error at:
57 error     <http://github.com/npm/npm/issues>
58 verbose exit [ 1, true ]
