0 info it worked if it ends with ok
1 verbose cli [ 'node', '/usr/local/bin/npm', 'install', 'angular-animate' ]
2 info using npm@2.5.1
3 info using node@v0.12.0
4 silly cache add args [ 'angular-animate', null ]
5 verbose cache add spec angular-animate
6 silly cache add parsed spec { raw: 'angular-animate',
6 silly cache add   scope: null,
6 silly cache add   name: 'angular-animate',
6 silly cache add   rawSpec: '',
6 silly cache add   spec: '*',
6 silly cache add   type: 'range' }
7 verbose addNamed angular-animate@*
8 silly addNamed semver.valid null
9 silly addNamed semver.validRange *
10 silly addNameRange { name: 'angular-animate', range: '*', hasData: false }
11 silly mapToRegistry name angular-animate
12 silly mapToRegistry using default registry
13 silly mapToRegistry registry https://registry.npmjs.org/
14 silly mapToRegistry uri https://registry.npmjs.org/angular-animate
15 verbose addNameRange registry:https://registry.npmjs.org/angular-animate not in flight; fetching
16 verbose request uri https://registry.npmjs.org/angular-animate
17 verbose request no auth needed
18 info attempt registry request try #1 at 18:49:53
19 verbose request id 9eba5d7113db2acb
20 verbose etag "39LIQG7TE0I8DX275SOHMI2AC"
21 http request GET https://registry.npmjs.org/angular-animate
22 http 304 https://registry.npmjs.org/angular-animate
23 silly get cb [ 304,
23 silly get   { date: 'Sun, 25 Oct 2015 17:49:53 GMT',
23 silly get     via: '1.1 varnish',
23 silly get     'cache-control': 'max-age=60',
23 silly get     etag: '"39LIQG7TE0I8DX275SOHMI2AC"',
23 silly get     age: '12',
23 silly get     connection: 'keep-alive',
23 silly get     'x-served-by': 'cache-lcy1134-LCY',
23 silly get     'x-cache': 'HIT',
23 silly get     'x-cache-hits': '1',
23 silly get     'x-timer': 'S1445795393.587754,VS0,VE0',
23 silly get     vary: 'Accept' } ]
24 verbose etag https://registry.npmjs.org/angular-animate from cache
25 verbose get saving angular-animate to /Users/Ben/.npm/registry.npmjs.org/angular-animate/.cache.json
26 silly addNameRange number 2 { name: 'angular-animate', range: '*', hasData: true }
27 silly addNameRange versions [ 'angular-animate',
27 silly addNameRange   [ '0.0.1',
27 silly addNameRange     '0.0.2',
27 silly addNameRange     '1.2.19-build.256',
27 silly addNameRange     '1.2.16',
27 silly addNameRange     '1.2.23',
27 silly addNameRange     '1.3.0-rc.5',
27 silly addNameRange     '1.3.0',
27 silly addNameRange     '1.3.1',
27 silly addNameRange     '1.3.2',
27 silly addNameRange     '1.3.3',
27 silly addNameRange     '1.3.4-build.3588',
27 silly addNameRange     '1.2.27',
27 silly addNameRange     '1.3.4',
27 silly addNameRange     '1.3.5',
27 silly addNameRange     '1.3.6',
27 silly addNameRange     '1.3.7',
27 silly addNameRange     '1.2.28',
27 silly addNameRange     '1.3.8',
27 silly addNameRange     '1.4.0-beta.0',
27 silly addNameRange     '1.3.9',
27 silly addNameRange     '1.3.10',
27 silly addNameRange     '1.4.0-beta.1',
27 silly addNameRange     '1.4.0-beta.2',
27 silly addNameRange     '1.3.11',
27 silly addNameRange     '1.4.0-beta.3',
27 silly addNameRange     '1.3.12',
27 silly addNameRange     '1.3.13',
27 silly addNameRange     '1.4.0-beta.4',
27 silly addNameRange     '1.3.14',
27 silly addNameRange     '1.4.0-beta.5',
27 silly addNameRange     '1.4.0-beta.6',
27 silly addNameRange     '1.3.15',
27 silly addNameRange     '1.4.0-rc.0',
27 silly addNameRange     '1.4.0-rc.1',
27 silly addNameRange     '1.4.0-rc.2',
27 silly addNameRange     '1.4.0',
27 silly addNameRange     '1.3.16',
27 silly addNameRange     '1.4.1',
27 silly addNameRange     '1.4.2',
27 silly addNameRange     '1.3.17',
27 silly addNameRange     '1.4.3',
27 silly addNameRange     '1.4.4',
27 silly addNameRange     '1.3.18',
27 silly addNameRange     '1.4.5',
27 silly addNameRange     '1.3.19',
27 silly addNameRange     '1.4.6',
27 silly addNameRange     '1.5.0-beta.0',
27 silly addNameRange     '1.2.29',
27 silly addNameRange     '1.3.20',
27 silly addNameRange     '1.4.7' ] ]
28 verbose addNamed angular-animate@1.4.7
29 silly addNamed semver.valid 1.4.7
30 silly addNamed semver.validRange 1.4.7
31 silly cache afterAdd angular-animate@1.4.7
32 verbose afterAdd /Users/Ben/.npm/angular-animate/1.4.7/package/package.json not in flight; writing
33 verbose afterAdd /Users/Ben/.npm/angular-animate/1.4.7/package/package.json written
34 silly install resolved [ { name: 'angular-animate',
34 silly install resolved     version: '1.4.7',
34 silly install resolved     description: 'AngularJS module for animations',
34 silly install resolved     main: 'index.js',
34 silly install resolved     scripts: { test: 'echo "Error: no test specified" && exit 1' },
34 silly install resolved     repository:
34 silly install resolved      { type: 'git',
34 silly install resolved        url: 'https://github.com/angular/angular.js.git' },
34 silly install resolved     keywords: [ 'angular', 'framework', 'browser', 'animation', 'client-side' ],
34 silly install resolved     author:
34 silly install resolved      { name: 'Angular Core Team',
34 silly install resolved        email: 'angular-core+npm@google.com' },
34 silly install resolved     license: 'MIT',
34 silly install resolved     bugs: { url: 'https://github.com/angular/angular.js/issues' },
34 silly install resolved     homepage: 'http://angularjs.org',
34 silly install resolved     gitHead: '3e63136fc3d882828594f3ceb929784eb43aa944',
34 silly install resolved     _id: 'angular-animate@1.4.7',
34 silly install resolved     _shasum: '4399e6dd39ca4cb51ccd58a19e09c3eaae0eeb8a',
34 silly install resolved     _from: 'angular-animate@*',
34 silly install resolved     _npmVersion: '2.0.2',
34 silly install resolved     _nodeVersion: '0.10.26',
34 silly install resolved     _npmUser: { name: 'angularcore', email: 'angular-core+npm@google.com' },
34 silly install resolved     maintainers: [ [Object], [Object], [Object], [Object], [Object] ],
34 silly install resolved     dist:
34 silly install resolved      { shasum: '4399e6dd39ca4cb51ccd58a19e09c3eaae0eeb8a',
34 silly install resolved        tarball: 'http://registry.npmjs.org/angular-animate/-/angular-animate-1.4.7.tgz' },
34 silly install resolved     directories: {},
34 silly install resolved     _resolved: 'https://registry.npmjs.org/angular-animate/-/angular-animate-1.4.7.tgz',
34 silly install resolved     readme: 'ERROR: No README data found!' } ]
35 info install angular-animate@1.4.7 into /Applications/MAMP/htdocs/portfolio_ben
36 info installOne angular-animate@1.4.7
37 verbose installOne of angular-animate to /Applications/MAMP/htdocs/portfolio_ben not in flight; installing
38 warn locking Error: EACCES, open '/Users/Ben/.npm/_locks/angular-animate-c039169d6bbe0191.lock'
38 warn locking     at Error (native)
38 warn locking  /Users/Ben/.npm/_locks/angular-animate-c039169d6bbe0191.lock failed { [Error: EACCES, open '/Users/Ben/.npm/_locks/angular-animate-c039169d6bbe0191.lock']
38 warn locking   errno: -13,
38 warn locking   code: 'EACCES',
38 warn locking   path: '/Users/Ben/.npm/_locks/angular-animate-c039169d6bbe0191.lock' }
39 verbose stack Error: Attempt to unlock /Applications/MAMP/htdocs/portfolio_ben/node_modules/angular-animate, which hasn't been locked
39 verbose stack     at unlock (/usr/local/lib/node_modules/npm/lib/utils/locker.js:66:11)
39 verbose stack     at cb (/usr/local/lib/node_modules/npm/lib/install.js:929:5)
39 verbose stack     at /usr/local/lib/node_modules/npm/lib/install.js:933:20
39 verbose stack     at /usr/local/lib/node_modules/npm/lib/utils/locker.js:40:9
39 verbose stack     at cb (/usr/local/lib/node_modules/npm/node_modules/lockfile/lockfile.js:149:38)
39 verbose stack     at /usr/local/lib/node_modules/npm/node_modules/lockfile/lockfile.js:177:38
39 verbose stack     at FSReqWrap.oncomplete (fs.js:99:15)
40 verbose cwd /Applications/MAMP/htdocs/portfolio_ben
41 error Darwin 15.0.0
42 error argv "node" "/usr/local/bin/npm" "install" "angular-animate"
43 error node v0.12.0
44 error npm  v2.5.1
45 error Attempt to unlock /Applications/MAMP/htdocs/portfolio_ben/node_modules/angular-animate, which hasn't been locked
46 error If you need help, you may report this error at:
46 error     <http://github.com/npm/npm/issues>
47 verbose exit [ 1, true ]
